Connecting to database specified by database.yml


Started POST "/" for 127.0.0.1 at 2013-01-22 16:01:02 +0000
Connecting to database specified by database.yml

ActionController::RoutingError (No route matches [POST] "/"):
  actionpack (3.2.11) lib/action_dispatch/middleware/debug_exceptions.rb:21:in `call'
  actionpack (3.2.11) lib/action_dispatch/middleware/show_exceptions.rb:56:in `call'
  railties (3.2.11) lib/rails/rack/logger.rb:32:in `call_app'
  railties (3.2.11) lib/rails/rack/logger.rb:16:in `block in call'
  activesupport (3.2.11) lib/active_support/tagged_logging.rb:22:in `tagged'
  railties (3.2.11) lib/rails/rack/logger.rb:16:in `call'
  actionpack (3.2.11) lib/action_dispatch/middleware/request_id.rb:22:in `call'
  rack (1.4.4) lib/rack/methodoverride.rb:21:in `call'
  rack (1.4.4) lib/rack/runtime.rb:17:in `call'
  activesupport (3.2.11) lib/active_support/cache/strategy/local_cache.rb:72:in `call'
  rack (1.4.4) lib/rack/lock.rb:15:in `call'
  actionpack (3.2.11) lib/action_dispatch/middleware/static.rb:62:in `call'
  railties (3.2.11) lib/rails/engine.rb:479:in `call'
  railties (3.2.11) lib/rails/application.rb:223:in `call'
  rack (1.4.4) lib/rack/content_length.rb:14:in `call'
  railties (3.2.11) lib/rails/rack/log_tailer.rb:17:in `call'
  rack (1.4.4) lib/rack/handler/webrick.rb:59:in `service'
  /Users/th3james/.rvm/rubies/ruby-1.9.2-p290/lib/ruby/1.9.1/webrick/httpserver.rb:111:in `service'
  /Users/th3james/.rvm/rubies/ruby-1.9.2-p290/lib/ruby/1.9.1/webrick/httpserver.rb:70:in `run'
  /Users/th3james/.rvm/rubies/ruby-1.9.2-p290/lib/ruby/1.9.1/webrick/server.rb:183:in `block in start_thread'


  Rendered /Users/th3james/.rvm/gems/ruby-1.9.2-p290/gems/actionpack-3.2.11/lib/action_dispatch/middleware/templates/rescues/routing_error.erb within rescues/layout (48.9ms)


Started POST "/" for 127.0.0.1 at 2013-01-22 16:01:18 +0000

ArgumentError (missing :controller):
  config/routes.rb:4:in `block in <top (required)>'
  config/routes.rb:1:in `<top (required)>'


  Rendered /Users/th3james/.rvm/gems/ruby-1.9.2-p290/gems/actionpack-3.2.11/lib/action_dispatch/middleware/templates/rescues/_trace.erb (1.3ms)
  Rendered /Users/th3james/.rvm/gems/ruby-1.9.2-p290/gems/actionpack-3.2.11/lib/action_dispatch/middleware/templates/rescues/_request_and_response.erb (14.2ms)
  Rendered /Users/th3james/.rvm/gems/ruby-1.9.2-p290/gems/actionpack-3.2.11/lib/action_dispatch/middleware/templates/rescues/diagnostics.erb within rescues/layout (25.6ms)


Started POST "/" for 127.0.0.1 at 2013-01-22 16:02:45 +0000

SyntaxError (/Users/th3james/development/ruby/wukumurl/config/routes.rb:10: syntax error, unexpected tIDENTIFIER, expecting keyword_end
  #   match 'products/:id' => 'catalog#view'
                     ^
/Users/th3james/development/ruby/wukumurl/config/routes.rb:10: syntax error, unexpected tSTRING_BEG, expecting keyword_end
  #   match 'products/:id' => 'catalog#view'
                          ^
/Users/th3james/development/ruby/wukumurl/config/routes.rb:10: syntax error, unexpected tIDENTIFIER, expecting keyword_end
  #   match 'products/:id' => 'catalog#view'
                                      ^):
  activesupport (3.2.11) lib/active_support/dependencies.rb:245:in `load'
  activesupport (3.2.11) lib/active_support/dependencies.rb:245:in `block in load'
  activesupport (3.2.11) lib/active_support/dependencies.rb:236:in `load_dependency'
  activesupport (3.2.11) lib/active_support/dependencies.rb:245:in `load'
  railties (3.2.11) lib/rails/application/routes_reloader.rb:40:in `block in load_paths'
  railties (3.2.11) lib/rails/application/routes_reloader.rb:40:in `each'
  railties (3.2.11) lib/rails/application/routes_reloader.rb:40:in `load_paths'
  railties (3.2.11) lib/rails/application/routes_reloader.rb:16:in `reload!'
  railties (3.2.11) lib/rails/application/routes_reloader.rb:26:in `block in updater'
  activesupport (3.2.11) lib/active_support/file_update_checker.rb:78:in `call'
  activesupport (3.2.11) lib/active_support/file_update_checker.rb:78:in `execute'
  activesupport (3.2.11) lib/active_support/file_update_checker.rb:86:in `execute_if_updated'
  railties (3.2.11) lib/rails/application/routes_reloader.rb:7:in `execute_if_updated'
  railties (3.2.11) lib/rails/application/finisher.rb:68:in `block (2 levels) in <module:Finisher>'
  activesupport (3.2.11) lib/active_support/callbacks.rb:429:in `_run__2106921083767246923__prepare__1154373910185950181__callbacks'
  activesupport (3.2.11) lib/active_support/callbacks.rb:405:in `__run_callback'
  activesupport (3.2.11) lib/active_support/callbacks.rb:385:in `_run_prepare_callbacks'
  activesupport (3.2.11) lib/active_support/callbacks.rb:81:in `run_callbacks'
  actionpack (3.2.11) lib/action_dispatch/middleware/reloader.rb:74:in `prepare!'
  actionpack (3.2.11) lib/action_dispatch/middleware/reloader.rb:64:in `call'
  actionpack (3.2.11) lib/action_dispatch/middleware/remote_ip.rb:31:in `call'
  actionpack (3.2.11) lib/action_dispatch/middleware/debug_exceptions.rb:16:in `call'
  actionpack (3.2.11) lib/action_dispatch/middleware/show_exceptions.rb:56:in `call'
  railties (3.2.11) lib/rails/rack/logger.rb:32:in `call_app'
  railties (3.2.11) lib/rails/rack/logger.rb:16:in `block in call'
  activesupport (3.2.11) lib/active_support/tagged_logging.rb:22:in `tagged'
  railties (3.2.11) lib/rails/rack/logger.rb:16:in `call'
  actionpack (3.2.11) lib/action_dispatch/middleware/request_id.rb:22:in `call'
  rack (1.4.4) lib/rack/methodoverride.rb:21:in `call'
  rack (1.4.4) lib/rack/runtime.rb:17:in `call'
  activesupport (3.2.11) lib/active_support/cache/strategy/local_cache.rb:72:in `call'
  rack (1.4.4) lib/rack/lock.rb:15:in `call'
  actionpack (3.2.11) lib/action_dispatch/middleware/static.rb:62:in `call'
  railties (3.2.11) lib/rails/engine.rb:479:in `call'
  railties (3.2.11) lib/rails/application.rb:223:in `call'
  rack (1.4.4) lib/rack/content_length.rb:14:in `call'
  railties (3.2.11) lib/rails/rack/log_tailer.rb:17:in `call'
  rack (1.4.4) lib/rack/handler/webrick.rb:59:in `service'
  /Users/th3james/.rvm/rubies/ruby-1.9.2-p290/lib/ruby/1.9.1/webrick/httpserver.rb:111:in `service'
  /Users/th3james/.rvm/rubies/ruby-1.9.2-p290/lib/ruby/1.9.1/webrick/httpserver.rb:70:in `run'
  /Users/th3james/.rvm/rubies/ruby-1.9.2-p290/lib/ruby/1.9.1/webrick/server.rb:183:in `block in start_thread'


  Rendered /Users/th3james/.rvm/gems/ruby-1.9.2-p290/gems/actionpack-3.2.11/lib/action_dispatch/middleware/templates/rescues/_trace.erb (1.2ms)
  Rendered /Users/th3james/.rvm/gems/ruby-1.9.2-p290/gems/actionpack-3.2.11/lib/action_dispatch/middleware/templates/rescues/_request_and_response.erb (0.8ms)
  Rendered /Users/th3james/.rvm/gems/ruby-1.9.2-p290/gems/actionpack-3.2.11/lib/action_dispatch/middleware/templates/rescues/diagnostics.erb within rescues/layout (8.6ms)


Started POST "/" for 127.0.0.1 at 2013-01-22 16:03:24 +0000

ActionController::RoutingError (No route matches [POST] "/"):
  actionpack (3.2.11) lib/action_dispatch/middleware/debug_exceptions.rb:21:in `call'
  actionpack (3.2.11) lib/action_dispatch/middleware/show_exceptions.rb:56:in `call'
  railties (3.2.11) lib/rails/rack/logger.rb:32:in `call_app'
  railties (3.2.11) lib/rails/rack/logger.rb:16:in `block in call'
  activesupport (3.2.11) lib/active_support/tagged_logging.rb:22:in `tagged'
  railties (3.2.11) lib/rails/rack/logger.rb:16:in `call'
  actionpack (3.2.11) lib/action_dispatch/middleware/request_id.rb:22:in `call'
  rack (1.4.4) lib/rack/methodoverride.rb:21:in `call'
  rack (1.4.4) lib/rack/runtime.rb:17:in `call'
  activesupport (3.2.11) lib/active_support/cache/strategy/local_cache.rb:72:in `call'
  rack (1.4.4) lib/rack/lock.rb:15:in `call'
  actionpack (3.2.11) lib/action_dispatch/middleware/static.rb:62:in `call'
  railties (3.2.11) lib/rails/engine.rb:479:in `call'
  railties (3.2.11) lib/rails/application.rb:223:in `call'
  rack (1.4.4) lib/rack/content_length.rb:14:in `call'
  railties (3.2.11) lib/rails/rack/log_tailer.rb:17:in `call'
  rack (1.4.4) lib/rack/handler/webrick.rb:59:in `service'
  /Users/th3james/.rvm/rubies/ruby-1.9.2-p290/lib/ruby/1.9.1/webrick/httpserver.rb:111:in `service'
  /Users/th3james/.rvm/rubies/ruby-1.9.2-p290/lib/ruby/1.9.1/webrick/httpserver.rb:70:in `run'
  /Users/th3james/.rvm/rubies/ruby-1.9.2-p290/lib/ruby/1.9.1/webrick/server.rb:183:in `block in start_thread'


  Rendered /Users/th3james/.rvm/gems/ruby-1.9.2-p290/gems/actionpack-3.2.11/lib/action_dispatch/middleware/templates/rescues/routing_error.erb within rescues/layout (0.6ms)


Started POST "/" for 127.0.0.1 at 2013-01-22 16:08:20 +0000

ArgumentError (missing :action):
  config/routes.rb:4:in `block in <top (required)>'
  config/routes.rb:1:in `<top (required)>'


  Rendered /Users/th3james/.rvm/gems/ruby-1.9.2-p290/gems/actionpack-3.2.11/lib/action_dispatch/middleware/templates/rescues/_trace.erb (1.1ms)
  Rendered /Users/th3james/.rvm/gems/ruby-1.9.2-p290/gems/actionpack-3.2.11/lib/action_dispatch/middleware/templates/rescues/_request_and_response.erb (0.8ms)
  Rendered /Users/th3james/.rvm/gems/ruby-1.9.2-p290/gems/actionpack-3.2.11/lib/action_dispatch/middleware/templates/rescues/diagnostics.erb within rescues/layout (8.2ms)


Started POST "/" for 127.0.0.1 at 2013-01-22 16:12:42 +0000
Processing by ShortUrlController#create as */*
WARNING: Can't verify CSRF token authenticity
  Rendered short_url/create.html.erb within layouts/application (0.6ms)
Compiled short_url.css  (225ms)  (pid 74557)
Compiled application.css  (266ms)  (pid 74557)
Compiled jquery.js  (2ms)  (pid 74557)
Compiled jquery_ujs.js  (0ms)  (pid 74557)
Compiled short_url.js  (275ms)  (pid 74557)
Compiled application.js  (497ms)  (pid 74557)
Completed 200 OK in 1008ms (Views: 1007.0ms | ActiveRecord: 0.0ms)


Started POST "/" for 127.0.0.1 at 2013-01-22 16:14:46 +0000
Processing by ShortUrlController#create as */*
WARNING: Can't verify CSRF token authenticity
  Rendered short_url/create.html.erb within layouts/application (0.1ms)
Completed 200 OK in 9ms (Views: 8.9ms | ActiveRecord: 0.0ms)
Connecting to database specified by database.yml
Connecting to database specified by database.yml
  [1m[36m (0.2ms)[0m  [1mselect sqlite_version(*)[0m
  [1m[35m (9.3ms)[0m  CREATE TABLE "schema_migrations" ("version" varchar(255) NOT NULL) 
  [1m[36m (3.7ms)[0m  [1mCREATE UNIQUE INDEX "unique_schema_migrations" ON "schema_migrations" ("version")[0m
  [1m[35m (0.1ms)[0m  SELECT "schema_migrations"."version" FROM "schema_migrations" 
Migrating to CreateShortUrls (20130122154121)
  [1m[36m (0.0ms)[0m  [1mbegin transaction[0m
  [1m[35m (0.4ms)[0m  CREATE TABLE "short_urls" ("id" INTEGER PRIMARY KEY AUTOINCREMENT NOT NULL, "shortName" varchar(255), "url" text, "created_at" datetime NOT NULL, "updated_at" datetime NOT NULL) 
  [1m[36m (0.1ms)[0m  [1mINSERT INTO "schema_migrations" ("version") VALUES ('20130122154121')[0m
  [1m[35m (4.4ms)[0m  commit transaction
Migrating to FixShortUrlFields (20130122162422)
  [1m[36m (0.1ms)[0m  [1mbegin transaction[0m
  [1m[35m (0.1ms)[0m  rollback transaction
Connecting to database specified by database.yml
  [1m[36m (0.1ms)[0m  [1mSELECT "schema_migrations"."version" FROM "schema_migrations" [0m
Migrating to CreateShortUrls (20130122154121)
Migrating to FixShortUrlFields (20130122162422)
  [1m[35m (0.0ms)[0m  select sqlite_version(*)
  [1m[36m (0.0ms)[0m  [1mbegin transaction[0m
  [1m[35m (0.6ms)[0m  CREATE TEMPORARY TABLE "altered_short_urls" ("id" INTEGER PRIMARY KEY AUTOINCREMENT NOT NULL, "short_name" varchar(255), "url" text, "created_at" datetime NOT NULL, "updated_at" datetime NOT NULL) 
  [1m[36m (0.2ms)[0m  [1mSELECT * FROM "short_urls"[0m
  [1m[35m (0.3ms)[0m  DROP TABLE "short_urls"
  [1m[36m (0.1ms)[0m  [1mCREATE TABLE "short_urls" ("id" INTEGER PRIMARY KEY AUTOINCREMENT NOT NULL, "short_name" varchar(255), "url" text, "created_at" datetime NOT NULL, "updated_at" datetime NOT NULL) [0m
  [1m[35m (0.0ms)[0m  SELECT * FROM "altered_short_urls"
  [1m[36m (0.3ms)[0m  [1mDROP TABLE "altered_short_urls"[0m
  [1m[35m (0.1ms)[0m  INSERT INTO "schema_migrations" ("version") VALUES ('20130122162422')
  [1m[36m (39.2ms)[0m  [1mcommit transaction[0m
  [1m[35m (0.1ms)[0m  SELECT "schema_migrations"."version" FROM "schema_migrations" 


Started POST "/" for 127.0.0.1 at 2013-01-22 16:28:14 +0000

SyntaxError (/Users/th3james/development/ruby/wukumurl/app/controllers/short_url_controller.rb:14: syntax error, unexpected '=', expecting tASSOC
      render json: {:error = "You must a url parameter to...
                            ^
/Users/th3james/development/ruby/wukumurl/app/controllers/short_url_controller.rb:14: syntax error, unexpected '}', expecting keyword_end
... url parameter to redirect to"}, status: :unprocessable_enti...
...                               ^):
  activesupport (3.2.11) lib/active_support/dependencies.rb:469:in `load'
  activesupport (3.2.11) lib/active_support/dependencies.rb:469:in `block in load_file'
  activesupport (3.2.11) lib/active_support/dependencies.rb:639:in `new_constants_in'
  activesupport (3.2.11) lib/active_support/dependencies.rb:468:in `load_file'
  activesupport (3.2.11) lib/active_support/dependencies.rb:353:in `require_or_load'
  activesupport (3.2.11) lib/active_support/dependencies.rb:502:in `load_missing_constant'
  activesupport (3.2.11) lib/active_support/dependencies.rb:192:in `block in const_missing'
  activesupport (3.2.11) lib/active_support/dependencies.rb:190:in `each'
  activesupport (3.2.11) lib/active_support/dependencies.rb:190:in `const_missing'
  activesupport (3.2.11) lib/active_support/inflector/methods.rb:230:in `block in constantize'
  activesupport (3.2.11) lib/active_support/inflector/methods.rb:229:in `each'
  activesupport (3.2.11) lib/active_support/inflector/methods.rb:229:in `constantize'
  activesupport (3.2.11) lib/active_support/dependencies.rb:554:in `get'
  actionpack (3.2.11) lib/action_dispatch/routing/route_set.rb:69:in `controller_reference'
  actionpack (3.2.11) lib/action_dispatch/routing/route_set.rb:54:in `controller'
  actionpack (3.2.11) lib/action_dispatch/routing/route_set.rb:32:in `call'
  journey (1.0.4) lib/journey/router.rb:68:in `block in call'
  journey (1.0.4) lib/journey/router.rb:56:in `each'
  journey (1.0.4) lib/journey/router.rb:56:in `call'
  actionpack (3.2.11) lib/action_dispatch/routing/route_set.rb:601:in `call'
  actionpack (3.2.11) lib/action_dispatch/middleware/best_standards_support.rb:17:in `call'
  rack (1.4.4) lib/rack/etag.rb:23:in `call'
  rack (1.4.4) lib/rack/conditionalget.rb:35:in `call'
  actionpack (3.2.11) lib/action_dispatch/middleware/head.rb:14:in `call'
  actionpack (3.2.11) lib/action_dispatch/middleware/params_parser.rb:21:in `call'
  actionpack (3.2.11) lib/action_dispatch/middleware/flash.rb:242:in `call'
  rack (1.4.4) lib/rack/session/abstract/id.rb:210:in `context'
  rack (1.4.4) lib/rack/session/abstract/id.rb:205:in `call'
  actionpack (3.2.11) lib/action_dispatch/middleware/cookies.rb:341:in `call'
  activerecord (3.2.11) lib/active_record/query_cache.rb:64:in `call'
  activerecord (3.2.11) lib/active_record/connection_adapters/abstract/connection_pool.rb:479:in `call'
  actionpack (3.2.11) lib/action_dispatch/middleware/callbacks.rb:28:in `block in call'
  activesupport (3.2.11) lib/active_support/callbacks.rb:405:in `_run__205324340275278713__call__1154373910185950181__callbacks'
  activesupport (3.2.11) lib/active_support/callbacks.rb:405:in `__run_callback'
  activesupport (3.2.11) lib/active_support/callbacks.rb:385:in `_run_call_callbacks'
  activesupport (3.2.11) lib/active_support/callbacks.rb:81:in `run_callbacks'
  actionpack (3.2.11) lib/action_dispatch/middleware/callbacks.rb:27:in `call'
  actionpack (3.2.11) lib/action_dispatch/middleware/reloader.rb:65:in `call'
  actionpack (3.2.11) lib/action_dispatch/middleware/remote_ip.rb:31:in `call'
  actionpack (3.2.11) lib/action_dispatch/middleware/debug_exceptions.rb:16:in `call'
  actionpack (3.2.11) lib/action_dispatch/middleware/show_exceptions.rb:56:in `call'
  railties (3.2.11) lib/rails/rack/logger.rb:32:in `call_app'
  railties (3.2.11) lib/rails/rack/logger.rb:16:in `block in call'
  activesupport (3.2.11) lib/active_support/tagged_logging.rb:22:in `tagged'
  railties (3.2.11) lib/rails/rack/logger.rb:16:in `call'
  actionpack (3.2.11) lib/action_dispatch/middleware/request_id.rb:22:in `call'
  rack (1.4.4) lib/rack/methodoverride.rb:21:in `call'
  rack (1.4.4) lib/rack/runtime.rb:17:in `call'
  activesupport (3.2.11) lib/active_support/cache/strategy/local_cache.rb:72:in `call'
  rack (1.4.4) lib/rack/lock.rb:15:in `call'
  actionpack (3.2.11) lib/action_dispatch/middleware/static.rb:62:in `call'
  railties (3.2.11) lib/rails/engine.rb:479:in `call'
  railties (3.2.11) lib/rails/application.rb:223:in `call'
  rack (1.4.4) lib/rack/content_length.rb:14:in `call'
  railties (3.2.11) lib/rails/rack/log_tailer.rb:17:in `call'
  rack (1.4.4) lib/rack/handler/webrick.rb:59:in `service'
  /Users/th3james/.rvm/rubies/ruby-1.9.2-p290/lib/ruby/1.9.1/webrick/httpserver.rb:111:in `service'
  /Users/th3james/.rvm/rubies/ruby-1.9.2-p290/lib/ruby/1.9.1/webrick/httpserver.rb:70:in `run'
  /Users/th3james/.rvm/rubies/ruby-1.9.2-p290/lib/ruby/1.9.1/webrick/server.rb:183:in `block in start_thread'


  Rendered /Users/th3james/.rvm/gems/ruby-1.9.2-p290/gems/actionpack-3.2.11/lib/action_dispatch/middleware/templates/rescues/_trace.erb (1.7ms)
  Rendered /Users/th3james/.rvm/gems/ruby-1.9.2-p290/gems/actionpack-3.2.11/lib/action_dispatch/middleware/templates/rescues/_request_and_response.erb (1.0ms)
  Rendered /Users/th3james/.rvm/gems/ruby-1.9.2-p290/gems/actionpack-3.2.11/lib/action_dispatch/middleware/templates/rescues/diagnostics.erb within rescues/layout (9.1ms)


Started POST "/" for 127.0.0.1 at 2013-01-22 16:28:48 +0000
Processing by ShortUrlController#create as */*
WARNING: Can't verify CSRF token authenticity
Completed 422 Unprocessable Entity in 1ms (Views: 0.2ms | ActiveRecord: 0.0ms)


Started POST "/" for 127.0.0.1 at 2013-01-22 16:29:03 +0000
Processing by ShortUrlController#create as */*
WARNING: Can't verify CSRF token authenticity
Completed 422 Unprocessable Entity in 1ms (Views: 0.2ms | ActiveRecord: 0.0ms)


Started POST "/" for 127.0.0.1 at 2013-01-22 16:29:18 +0000
Processing by ShortUrlController#create as */*
WARNING: Can't verify CSRF token authenticity
Completed 422 Unprocessable Entity in 1ms (Views: 0.2ms | ActiveRecord: 0.0ms)


Started POST "/" for 127.0.0.1 at 2013-01-22 16:29:36 +0000
Processing by ShortUrlController#create as */*
  Parameters: {"{\"short_name\": ipbes, \"url\": \"http://theverge.com\"}"=>nil}
WARNING: Can't verify CSRF token authenticity
Completed 422 Unprocessable Entity in 1ms (Views: 0.1ms | ActiveRecord: 0.0ms)


Started POST "/" for 127.0.0.1 at 2013-01-22 16:34:46 +0000
Connecting to database specified by database.yml
Processing by ShortUrlController#create as */*
  Parameters: {"\ndata"=>"{\"short_name\": ipbes, \"url\": \"http://theverge.com\"}"}
WARNING: Can't verify CSRF token authenticity
Completed 422 Unprocessable Entity in 1ms (Views: 0.2ms | ActiveRecord: 0.0ms)


Started POST "/" for 127.0.0.1 at 2013-01-22 16:38:02 +0000
Processing by ShortUrlController#create as */*
  Parameters: {"url"=>"http://hat.com/", "shortName"=>"hat"}
WARNING: Can't verify CSRF token authenticity
Completed 500 Internal Server Error in 120ms

ActiveModel::MassAssignmentSecurity::Error (Can't mass-assign protected attributes: short_name):
  app/controllers/short_url_controller.rb:5:in `new'
  app/controllers/short_url_controller.rb:5:in `create'


  Rendered /Users/th3james/.rvm/gems/ruby-1.9.2-p290/gems/actionpack-3.2.11/lib/action_dispatch/middleware/templates/rescues/_trace.erb (1.3ms)
  Rendered /Users/th3james/.rvm/gems/ruby-1.9.2-p290/gems/actionpack-3.2.11/lib/action_dispatch/middleware/templates/rescues/_request_and_response.erb (0.8ms)
  Rendered /Users/th3james/.rvm/gems/ruby-1.9.2-p290/gems/actionpack-3.2.11/lib/action_dispatch/middleware/templates/rescues/diagnostics.erb within rescues/layout (27.8ms)


Started POST "/" for 127.0.0.1 at 2013-01-22 16:38:31 +0000
Processing by ShortUrlController#create as */*
  Parameters: {"url"=>"http://hat.com/", "shortName"=>"hat"}
WARNING: Can't verify CSRF token authenticity
Completed 500 Internal Server Error in 1ms

ActiveModel::MassAssignmentSecurity::Error (Can't mass-assign protected attributes: short_name):
  app/controllers/short_url_controller.rb:5:in `new'
  app/controllers/short_url_controller.rb:5:in `create'


  Rendered /Users/th3james/.rvm/gems/ruby-1.9.2-p290/gems/actionpack-3.2.11/lib/action_dispatch/middleware/templates/rescues/_trace.erb (1.3ms)
  Rendered /Users/th3james/.rvm/gems/ruby-1.9.2-p290/gems/actionpack-3.2.11/lib/action_dispatch/middleware/templates/rescues/_request_and_response.erb (0.9ms)
  Rendered /Users/th3james/.rvm/gems/ruby-1.9.2-p290/gems/actionpack-3.2.11/lib/action_dispatch/middleware/templates/rescues/diagnostics.erb within rescues/layout (8.5ms)


Started POST "/" for 127.0.0.1 at 2013-01-22 16:39:30 +0000
Processing by ShortUrlController#create as */*
  Parameters: {"url"=>"http://hat.com/", "shortName"=>"hat"}
WARNING: Can't verify CSRF token authenticity
Completed 500 Internal Server Error in 41ms

NoMethodError (undefined method `save?' for #<ShortUrl:0x007ff6b5518b10>):
  app/controllers/short_url_controller.rb:9:in `create'


  Rendered /Users/th3james/.rvm/gems/ruby-1.9.2-p290/gems/actionpack-3.2.11/lib/action_dispatch/middleware/templates/rescues/_trace.erb (1.3ms)
  Rendered /Users/th3james/.rvm/gems/ruby-1.9.2-p290/gems/actionpack-3.2.11/lib/action_dispatch/middleware/templates/rescues/_request_and_response.erb (1.0ms)
  Rendered /Users/th3james/.rvm/gems/ruby-1.9.2-p290/gems/actionpack-3.2.11/lib/action_dispatch/middleware/templates/rescues/diagnostics.erb within rescues/layout (8.8ms)


Started POST "/" for 127.0.0.1 at 2013-01-22 16:40:08 +0000
Processing by ShortUrlController#create as */*
  Parameters: {"url"=>"http://hat.com/", "shortName"=>"hat"}
WARNING: Can't verify CSRF token authenticity
  [1m[36m (0.1ms)[0m  [1mbegin transaction[0m
  [1m[35mSQL (101.2ms)[0m  INSERT INTO "short_urls" ("created_at", "short_name", "updated_at", "url") VALUES (?, ?, ?, ?)  [["created_at", Tue, 22 Jan 2013 16:40:08 UTC +00:00], ["short_name", nil], ["updated_at", Tue, 22 Jan 2013 16:40:08 UTC +00:00], ["url", "http://hat.com/"]]
  [1m[36m (4.2ms)[0m  [1mcommit transaction[0m
Completed 201 Created in 115ms (Views: 0.5ms | ActiveRecord: 106.0ms)


Started POST "/" for 127.0.0.1 at 2013-01-22 16:40:28 +0000
Processing by ShortUrlController#create as */*
  Parameters: {"url"=>"http://hat.com/", "shortName"=>"hat"}
WARNING: Can't verify CSRF token authenticity
  [1m[35m (0.1ms)[0m  begin transaction
  [1m[36mSQL (0.4ms)[0m  [1mINSERT INTO "short_urls" ("created_at", "short_name", "updated_at", "url") VALUES (?, ?, ?, ?)[0m  [["created_at", Tue, 22 Jan 2013 16:40:28 UTC +00:00], ["short_name", nil], ["updated_at", Tue, 22 Jan 2013 16:40:28 UTC +00:00], ["url", "http://hat.com/"]]
  [1m[35m (41.0ms)[0m  commit transaction
Completed 201 Created in 44ms (Views: 0.4ms | ActiveRecord: 41.5ms)
